<?xml version="1.0" encoding="UTF-8"?>
<!-- Generated by org.testng.reporters.JUnitReportReporter -->
<testsuite hostname="LAPTOP-RMAM58HG" failures="0" tests="1" name="script.CuraHealthCare" time="4.800" errors="0" timestamp="26 Jun 2024 18:32:01 GMT">
  <testcase classname="script.CuraHealthCare" name="automationscript" time="4.800"/>
</testsuite> <!-- script.CuraHealthCare -->
