<?xml version="1.0" encoding="UTF-8"?>
<!-- Generated by org.testng.reporters.JUnitReportReporter -->
<testsuite hostname="LAPTOP-RMAM58HG" failures="0" tests="1" name="script.CuraHealthCare" time="8.672" errors="0" timestamp="26 Jun 2024 18:53:39 GMT">
  <testcase classname="script.CuraHealthCare" name="automationscript" time="8.672"/>
</testsuite> <!-- script.CuraHealthCare -->
